warning: Tag 'SYMBOL_CACHE_SIZE' at line 327 of file '/Users/Michi/Desktop/Miluph/miluphcuda/doc/DoxygenFiles/Doxyfile' has become obsolete.
         To avoid this warning please remove this line from your configuration file or upgrade it using "doxygen -u"
warning: Tag 'SHOW_DIRECTORIES' at line 536 of file '/Users/Michi/Desktop/Miluph/miluphcuda/doc/DoxygenFiles/Doxyfile' has become obsolete.
         To avoid this warning please remove this line from your configuration file or upgrade it using "doxygen -u"
warning: Tag 'HTML_ALIGN_MEMBERS' at line 930 of file '/Users/Michi/Desktop/Miluph/miluphcuda/doc/DoxygenFiles/Doxyfile' has become obsolete.
         To avoid this warning please remove this line from your configuration file or upgrade it using "doxygen -u"
warning: Tag 'USE_INLINE_TREES' at line 1117 of file '/Users/Michi/Desktop/Miluph/miluphcuda/doc/DoxygenFiles/Doxyfile' has become obsolete.
         To avoid this warning please remove this line from your configuration file or upgrade it using "doxygen -u"
warning: Tag 'XML_SCHEMA' at line 1380 of file '/Users/Michi/Desktop/Miluph/miluphcuda/doc/DoxygenFiles/Doxyfile' has become obsolete.
         To avoid this warning please remove this line from your configuration file or upgrade it using "doxygen -u"
warning: Tag 'XML_DTD' at line 1386 of file '/Users/Michi/Desktop/Miluph/miluphcuda/doc/DoxygenFiles/Doxyfile' has become obsolete.
         To avoid this warning please remove this line from your configuration file or upgrade it using "doxygen -u"
warning: Tag 'PERL_PATH' at line 1551 of file '/Users/Michi/Desktop/Miluph/miluphcuda/doc/DoxygenFiles/Doxyfile' has become obsolete.
         To avoid this warning please remove this line from your configuration file or upgrade it using "doxygen -u"
warning: Tag 'MSCGEN_PATH' at line 1572 of file '/Users/Michi/Desktop/Miluph/miluphcuda/doc/DoxygenFiles/Doxyfile' has become obsolete.
         To avoid this warning please remove this line from your configuration file or upgrade it using "doxygen -u"
warning: ignoring unknown tag 'Borderliner' at line 1767, file /Users/Michi/Desktop/Miluph/miluphcuda/doc/DoxygenFiles/Doxyfile
/Users/Michi/Desktop/Miluph/miluphcuda/artificial_stress.h:4: warning: multiple use of section label 'LICENSE' while adding section, (first occurrence: /Users/Michi/Desktop/Miluph/miluphcuda/aneos.h, line 4)
/Users/Michi/Desktop/Miluph/miluphcuda/boundary.h:4: warning: multiple use of section label 'LICENSE' while adding section, (first occurrence: /Users/Michi/Desktop/Miluph/miluphcuda/aneos.h, line 4)
/Users/Michi/Desktop/Miluph/miluphcuda/checks.h:4: warning: multiple use of section label 'LICENSE' while adding section, (first occurrence: /Users/Michi/Desktop/Miluph/miluphcuda/aneos.h, line 4)
/Users/Michi/Desktop/Miluph/miluphcuda/cuda_utils.h:4: warning: multiple use of section label 'LICENSE' while adding section, (first occurrence: /Users/Michi/Desktop/Miluph/miluphcuda/aneos.h, line 4)
/Users/Michi/Desktop/Miluph/miluphcuda/damage.h:4: warning: multiple use of section label 'LICENSE' while adding section, (first occurrence: /Users/Michi/Desktop/Miluph/miluphcuda/aneos.h, line 4)
/Users/Michi/Desktop/Miluph/miluphcuda/density.h:4: warning: multiple use of section label 'LICENSE' while adding section, (first occurrence: /Users/Michi/Desktop/Miluph/miluphcuda/aneos.h, line 4)
/Users/Michi/Desktop/Miluph/miluphcuda/device_tools.h:4: warning: multiple use of section label 'LICENSE' while adding section, (first occurrence: /Users/Michi/Desktop/Miluph/miluphcuda/aneos.h, line 4)
/Users/Michi/Desktop/Miluph/miluphcuda/euler.h:4: warning: multiple use of section label 'LICENSE' while adding section, (first occurrence: /Users/Michi/Desktop/Miluph/miluphcuda/aneos.h, line 4)
/Users/Michi/Desktop/Miluph/miluphcuda/gravity.h:4: warning: multiple use of section label 'LICENSE' while adding section, (first occurrence: /Users/Michi/Desktop/Miluph/miluphcuda/aneos.h, line 4)
/Users/Michi/Desktop/Miluph/miluphcuda/internal_forces.h:4: warning: multiple use of section label 'LICENSE' while adding section, (first occurrence: /Users/Michi/Desktop/Miluph/miluphcuda/aneos.h, line 4)
/Users/Michi/Desktop/Miluph/miluphcuda/io.h:4: warning: multiple use of section label 'LICENSE' while adding section, (first occurrence: /Users/Michi/Desktop/Miluph/miluphcuda/aneos.h, line 4)
Doxygen version used: 1.8.20
Searching for include files...
Searching for example files...
Searching for images...
Searching for dot files...
Searching for msc files...
Searching for dia files...
Searching for files to exclude
Searching INPUT for files to process...
Searching for files in directory /Users/Michi/Desktop/Miluph/miluphcuda
Searching for files in directory /Users/Michi/Desktop/Miluph/miluphcuda/doc
Searching for files in directory /Users/Michi/Desktop/Miluph/miluphcuda/doc/DoxygenFiles
Searching for files in directory /Users/Michi/Desktop/Miluph/miluphcuda/doc/pic
Searching for files in directory /Users/Michi/Desktop/Miluph/miluphcuda/doc/test_dir
Searching for files in directory /Users/Michi/Desktop/Miluph/miluphcuda/docs
Searching for files in directory /Users/Michi/Desktop/Miluph/miluphcuda/material_data
Searching for files in directory /Users/Michi/Desktop/Miluph/miluphcuda/test_cases
Searching for files in directory /Users/Michi/Desktop/Miluph/miluphcuda/test_cases/colliding_rings
Searching for files in directory /Users/Michi/Desktop/Miluph/miluphcuda/test_cases/giant_collision_solid
Searching for files in directory /Users/Michi/Desktop/Miluph/miluphcuda/test_cases/nakamura
Searching for files in directory /Users/Michi/Desktop/Miluph/miluphcuda/test_cases/nakamura/input
Searching for files in directory /Users/Michi/Desktop/Miluph/miluphcuda/test_cases/shocktube
Searching for files in directory /Users/Michi/Desktop/Miluph/miluphcuda/test_cases/viscously_spreading_ring
Reading and parsing tag files
Parsing files
Reading /Users/Michi/Desktop/Miluph/miluphcuda/aneos.cu...
Preprocessing /Users/Michi/Desktop/Miluph/miluphcuda/aneos.h...
Parsing file /Users/Michi/Desktop/Miluph/miluphcuda/aneos.h...
Reading /Users/Michi/Desktop/Miluph/miluphcuda/artificial_stress.cu...
Preprocessing /Users/Michi/Desktop/Miluph/miluphcuda/artificial_stress.h...
Parsing file /Users/Michi/Desktop/Miluph/miluphcuda/artificial_stress.h...
Reading /Users/Michi/Desktop/Miluph/miluphcuda/boundary.cu...
Preprocessing /Users/Michi/Desktop/Miluph/miluphcuda/boundary.h...
Parsing file /Users/Michi/Desktop/Miluph/miluphcuda/boundary.h...
Preprocessing /Users/Michi/Desktop/Miluph/miluphcuda/checks.h...
Parsing file /Users/Michi/Desktop/Miluph/miluphcuda/checks.h...
Preprocessing /Users/Michi/Desktop/Miluph/miluphcuda/cuda_utils.h...
Parsing file /Users/Michi/Desktop/Miluph/miluphcuda/cuda_utils.h...
Reading /Users/Michi/Desktop/Miluph/miluphcuda/damage.cu...
Preprocessing /Users/Michi/Desktop/Miluph/miluphcuda/damage.h...
Parsing file /Users/Michi/Desktop/Miluph/miluphcuda/damage.h...
Reading /Users/Michi/Desktop/Miluph/miluphcuda/density.cu...
Preprocessing /Users/Michi/Desktop/Miluph/miluphcuda/density.h...
Parsing file /Users/Michi/Desktop/Miluph/miluphcuda/density.h...
Reading /Users/Michi/Desktop/Miluph/miluphcuda/device_tools.cu...
Preprocessing /Users/Michi/Desktop/Miluph/miluphcuda/device_tools.h...
Parsing file /Users/Michi/Desktop/Miluph/miluphcuda/device_tools.h...
Reading /Users/Michi/Desktop/Miluph/miluphcuda/doc/ExtraMarkdown.md...
Reading /Users/Michi/Desktop/Miluph/miluphcuda/doc/Mainpage.md...
Reading /Users/Michi/Desktop/Miluph/miluphcuda/euler.cu...
Preprocessing /Users/Michi/Desktop/Miluph/miluphcuda/euler.h...
Parsing file /Users/Michi/Desktop/Miluph/miluphcuda/euler.h...
Reading /Users/Michi/Desktop/Miluph/miluphcuda/gravity.cu...
Preprocessing /Users/Michi/Desktop/Miluph/miluphcuda/gravity.h...
Parsing file /Users/Michi/Desktop/Miluph/miluphcuda/gravity.h...
Reading /Users/Michi/Desktop/Miluph/miluphcuda/internal_forces.cu...
Preprocessing /Users/Michi/Desktop/Miluph/miluphcuda/internal_forces.h...
Parsing file /Users/Michi/Desktop/Miluph/miluphcuda/internal_forces.h...
Reading /Users/Michi/Desktop/Miluph/miluphcuda/io.cu...
Preprocessing /Users/Michi/Desktop/Miluph/miluphcuda/io.h...
Parsing file /Users/Michi/Desktop/Miluph/miluphcuda/io.h...
Reading /Users/Michi/Desktop/Miluph/miluphcuda/kernel.cu...
Preprocessing /Users/Michi/Desktop/Miluph/miluphcuda/kernel.h...
Parsing file /Users/Michi/Desktop/Miluph/miluphcuda//Users/Michi/Desktop/Miluph/miluphcuda/kernel.h:4: warning: multiple use of section label 'LICENSE' while adding section, (first occurrence: /Users/Michi/Desktop/Miluph/miluphcuda/aneos.h, line 4)
/Users/Michi/Desktop/Miluph/miluphcuda/linalg.h:4: warning: multiple use of section label 'LICENSE' while adding section, (first occurrence: /Users/Michi/Desktop/Miluph/miluphcuda/aneos.h, line 4)
/Users/Michi/Desktop/Miluph/miluphcuda/little_helpers.h:4: warning: multiple use of section label 'LICENSE' while adding section, (first occurrence: /Users/Michi/Desktop/Miluph/miluphcuda/aneos.h, line 4)
/Users/Michi/Desktop/Miluph/miluphcuda/memory_handling.h:4: warning: multiple use of section label 'LICENSE' while adding section, (first occurrence: /Users/Michi/Desktop/Miluph/miluphcuda/aneos.h, line 4)
/Users/Michi/Desktop/Miluph/miluphcuda/miluph.h:4: warning: multiple use of section label 'LICENSE' while adding section, (first occurrence: /Users/Michi/Desktop/Miluph/miluphcuda/aneos.h, line 4)
/Users/Michi/Desktop/Miluph/miluphcuda/parameter.h:4: warning: multiple use of section label 'LICENSE' while adding section, (first occurrence: /Users/Michi/Desktop/Miluph/miluphcuda/aneos.h, line 4)
/Users/Michi/Desktop/Miluph/miluphcuda/plasticity.h:4: warning: multiple use of section label 'LICENSE' while adding section, (first occurrence: /Users/Michi/Desktop/Miluph/miluphcuda/aneos.h, line 4)
/Users/Michi/Desktop/Miluph/miluphcuda/porosity.h:4: warning: multiple use of section label 'LICENSE' while adding section, (first occurrence: /Users/Michi/Desktop/Miluph/miluphcuda/aneos.h, line 4)
/Users/Michi/Desktop/Miluph/miluphcuda/predictor_corrector.h:4: warning: multiple use of section label 'LICENSE' while adding section, (first occurrence: /Users/Michi/Desktop/Miluph/miluphcuda/aneos.h, line 4)
/Users/Michi/Desktop/Miluph/miluphcuda/predictor_corrector_euler.h:4: warning: multiple use of section label 'LICENSE' while adding section, (first occurrence: /Users/Michi/Desktop/Miluph/miluphcuda/aneos.h, line 4)
/Users/Michi/Desktop/Miluph/miluphcuda/pressure.h:4: warning: multiple use of section label 'LICENSE' while adding section, (first occurrence: /Users/Michi/Desktop/Miluph/miluphcuda/aneos.h, line 4)
/Users/Michi/Desktop/Miluph/miluphcuda/rhs.h:4: warning: multiple use of section label 'LICENSE' while adding section, (first occurrence: /Users/Michi/Desktop/Miluph/miluphcuda/aneos.h, line 4)
/Users/Michi/Desktop/Miluph/miluphcuda/rk2adaptive.h:4: warning: multiple use of section label 'LICENSE' while adding section, (first occurrence: /Users/Michi/Desktop/Miluph/miluphcuda/aneos.h, line 4)
/Users/Michi/Desktop/Miluph/miluphcuda/soundspeed.h:4: warning: multiple use of section label 'LICENSE' while adding section, (first occurrence: /Users/Michi/Desktop/Miluph/miluphcuda/aneos.h, line 4)
/Users/Michi/Desktop/Miluph/miluphcuda/stress.h:4: warning: multiple use of section label 'LICENSE' while adding section, (first occurrence: /Users/Michi/Desktop/Miluph/miluphcuda/aneos.h, line 4)
/Users/Michi/Desktop/Miluph/miluphcuda/test_cases/colliding_rings/parameter.h:4: warning: multiple use of section label 'LICENSE' while adding section, (first occurrence: /Users/Michi/Desktop/Miluph/miluphcuda/aneos.h, line 4)
/Users/Michi/Desktop/Miluph/miluphcuda/test_cases/giant_collision_solid/parameter.h:4: warning: multiple use of section label 'LICENSE' while adding section, (first occurrence: /Users/Michi/Desktop/Miluph/miluphcuda/aneos.h, line 4)
/Users/Michi/Desktop/Miluph/miluphcuda/test_cases/nakamura/parameter.h:4: warning: multiple use of section label 'LICENSE' while adding section, (first occurrence: /Users/Michi/Desktop/Miluph/miluphcuda/aneos.h, line 4)
/Users/Michi/Desktop/Miluph/miluphcuda/test_cases/shocktube/parameter.h:4: warning: multiple use of section label 'LICENSE' while adding section, (first occurrence: /Users/Michi/Desktop/Miluph/miluphcuda/aneos.h, line 4)
/Users/Michi/Desktop/Miluph/miluphcuda/test_cases/viscously_spreading_ring/parameter.h:4: warning: multiple use of section label 'LICENSE' while adding section, (first occurrence: /Users/Michi/Desktop/Miluph/miluphcuda/aneos.h, line 4)
kernel.h...
Reading /Users/Michi/Desktop/Miluph/miluphcuda/linalg.cu...
Preprocessing /Users/Michi/Desktop/Miluph/miluphcuda/linalg.h...
Parsing file /Users/Michi/Desktop/Miluph/miluphcuda/linalg.h...
Reading /Users/Michi/Desktop/Miluph/miluphcuda/little_helpers.cu...
Preprocessing /Users/Michi/Desktop/Miluph/miluphcuda/little_helpers.h...
Parsing file /Users/Michi/Desktop/Miluph/miluphcuda/little_helpers.h...
Reading /Users/Michi/Desktop/Miluph/miluphcuda/memory_handling.cu...
Preprocessing /Users/Michi/Desktop/Miluph/miluphcuda/memory_handling.h...
Parsing file /Users/Michi/Desktop/Miluph/miluphcuda/memory_handling.h...
Reading /Users/Michi/Desktop/Miluph/miluphcuda/miluph.cu...
Preprocessing /Users/Michi/Desktop/Miluph/miluphcuda/miluph.h...
Parsing file /Users/Michi/Desktop/Miluph/miluphcuda/miluph.h...
Preprocessing /Users/Michi/Desktop/Miluph/miluphcuda/parameter.h...
Parsing file /Users/Michi/Desktop/Miluph/miluphcuda/parameter.h...
Reading /Users/Michi/Desktop/Miluph/miluphcuda/plasticity.cu...
Preprocessing /Users/Michi/Desktop/Miluph/miluphcuda/plasticity.h...
Parsing file /Users/Michi/Desktop/Miluph/miluphcuda/plasticity.h...
Reading /Users/Michi/Desktop/Miluph/miluphcuda/porosity.cu...
Preprocessing /Users/Michi/Desktop/Miluph/miluphcuda/porosity.h...
Parsing file /Users/Michi/Desktop/Miluph/miluphcuda/porosity.h...
Reading /Users/Michi/Desktop/Miluph/miluphcuda/predictor_corrector.cu...
Preprocessing /Users/Michi/Desktop/Miluph/miluphcuda/predictor_corrector.h...
Parsing file /Users/Michi/Desktop/Miluph/miluphcuda/predictor_corrector.h...
Reading /Users/Michi/Desktop/Miluph/miluphcuda/predictor_corrector_euler.cu...
Preprocessing /Users/Michi/Desktop/Miluph/miluphcuda/predictor_corrector_euler.h...
Parsing file /Users/Michi/Desktop/Miluph/miluphcuda/predictor_corrector_euler.h...
Reading /Users/Michi/Desktop/Miluph/miluphcuda/pressure.cu...
Preprocessing /Users/Michi/Desktop/Miluph/miluphcuda/pressure.h...
Parsing file /Users/Michi/Desktop/Miluph/miluphcuda/pressure.h...
Reading /Users/Michi/Desktop/Miluph/miluphcuda/README.md...
Reading /Users/Michi/Desktop/Miluph/miluphcuda/rhs.cu...
Preprocessing /Users/Michi/Desktop/Miluph/miluphcuda/rhs.h...
Parsing file /Users/Michi/Desktop/Miluph/miluphcuda/rhs.h...
Reading /Users/Michi/Desktop/Miluph/miluphcuda/rk2adaptive.cu...
Preprocessing /Users/Michi/Desktop/Miluph/miluphcuda/rk2adaptive.h...
Parsing file /Users/Michi/Desktop/Miluph/miluphcuda/rk2adaptive.h...
Reading /Users/Michi/Desktop/Miluph/miluphcuda/soundspeed.cu...
Preprocessing /Users/Michi/Desktop/Miluph/miluphcuda/soundspeed.h...
Parsing file /Users/Michi/Desktop/Miluph/miluphcuda/soundspeed.h...
Reading /Users/Michi/Desktop/Miluph/miluphcuda/stress.cu...
Preprocessing /Users/Michi/Desktop/Miluph/miluphcuda/stress.h...
Parsing file /Users/Michi/Desktop/Miluph/miluphcuda/stress.h...
Preprocessing /Users/Michi/Desktop/Miluph/miluphcuda/test_cases/colliding_rings/parameter.h...
Parsing file /Users/Michi/Desktop/Miluph/miluphcuda/test_cases/colliding_rings/parameter.h...
Preprocessing /Users/Michi/Desktop/Miluph/miluphcuda/test_cases/giant_collision_solid/parameter.h...
Parsing file /Users/Michi/Desktop/Miluph/miluphcuda/test_cases/giant_collision_solid/parameter.h...
Preprocessing /Users/Michi/Desktop/Miluph/miluphcuda/test_cases/nakamura/parameter.h...
Parsing file /Users/Michi/Desktop/Miluph/miluphcuda/test_cases/nakamura/parameter.h...
Preprocessing /Users/Michi/Desktop/Miluph/miluphcuda/test_cases/shocktube/parameter.h...
Parsing file /Users/Michi/Desktop/Miluph/miluphcuda/test_cases/shocktube/parameter.h...
Reading /Users/Michi/Desktop/Miluph/miluphcuda/test_cases/viscously_spreading_ring/boundary.cu...
Preprocessing /Users/Michi/Desktop/Miluph/miluphcuda/test_cases/viscously_spreading_ring/parameter.h...
Parsing file /Users/Michi/Desktop/Miluph/miluphcuda/test_cases/viscously_spreading_ring/parameter.h...
Reading /Users/Michi/Desktop/Miluph/miluphcuda/timeintegration.cu...
Preprocessing /Users/Michi/Desktop/Miluph/miluphcuda/timeintegration.h...
Parsing file /Users/Michi/Desktop/Miluph/miluphcuda/t/Users/Michi/Desktop/Miluph/miluphcuda/timeintegration.h:4: warning: multiple use of section label 'LICENSE' while adding section, (first occurrence: /Users/Michi/Desktop/Miluph/miluphcuda/aneos.h, line 4)
/Users/Michi/Desktop/Miluph/miluphcuda/tree.h:4: warning: multiple use of section label 'LICENSE' while adding section, (first occurrence: /Users/Michi/Desktop/Miluph/miluphcuda/aneos.h, line 4)
/Users/Michi/Desktop/Miluph/miluphcuda/velocity.h:4: warning: multiple use of section label 'LICENSE' while adding section, (first occurrence: /Users/Michi/Desktop/Miluph/miluphcuda/aneos.h, line 4)
/Users/Michi/Desktop/Miluph/miluphcuda/viscosity.h:4: warning: multiple use of section label 'LICENSE' while adding section, (first occurrence: /Users/Michi/Desktop/Miluph/miluphcuda/aneos.h, line 4)
/Users/Michi/Desktop/Miluph/miluphcuda/xsph.h:4: warning: multiple use of section label 'LICENSE' while adding section, (first occurrence: /Users/Michi/Desktop/Miluph/miluphcuda/aneos.h, line 4)
imeintegration.h...
Reading /Users/Michi/Desktop/Miluph/miluphcuda/tree.cu...
Preprocessing /Users/Michi/Desktop/Miluph/miluphcuda/tree.h...
Parsing file /Users/Michi/Desktop/Miluph/miluphcuda/tree.h...
Reading /Users/Michi/Desktop/Miluph/miluphcuda/velocity.cu...
Preprocessing /Users/Michi/Desktop/Miluph/miluphcuda/velocity.h...
Parsing file /Users/Michi/Desktop/Miluph/miluphcuda/velocity.h...
Reading /Users/Michi/Desktop/Miluph/miluphcuda/viscosity.cu...
Preprocessing /Users/Michi/Desktop/Miluph/miluphcuda/viscosity.h...
Parsing file /Users/Michi/Desktop/Miluph/miluphcuda/viscosity.h...
Reading /Users/Michi/Desktop/Miluph/miluphcuda/xsph.cu...
Preprocessing /Users/Michi/Desktop/Miluph/miluphcuda/xsph.h...
Parsing file /Users/Michi/Desktop/Miluph/miluphcuda/xsph.h...
Building macro definition list...
Building group list...
Building directory list...
Building namespace list...
Building file list...
Building class list...
Computing nesting relations for classes...
Associating documentation with classes...
Building example list...
Searching for enumerations...
Searching for documented typedefs...
Searching for members imported via using declarations...
Searching for included using directives...
Searching for documented variables...
Building interface member list...
Building member list...
Searching for friends...
Searching for documented defines...
Computing class inheritance relations...
Computing class usage relations...
Flushing cached template relations that have become invalid...
Computing class relations...
Add enum values to enums...
Searching for member function documentation...
Creating members for template instances...
Building page list...
Search for main page...
Computing page relations...
Determining the scope of groups...
Sorting lists...
Determining which enums are documented
Computing member relations...
Building full member lists recursively...
Adding members to member groups.
Computing member references...
Inheriting documentation...
Generating disk names...
Adding source references...
Adding xrefitems...
Sorting member lists...
Setting anonymous enum type...
Computing dependencies between directories...
Generating citations page...
Counting members...
Counting data structures...
Resolving user defined references...
Finding anchors and sections in the documentation...
Transferring function references...
Combining using relations...
Adding members to index pages...
Correcting members for VHDL...
Generating style sheet...
Generating search indices...
Generating example documentation...
Generating file sources...
Generating code for file /Users/Michi/Desktop/Miluph/miluphcuda/aneos.cu...
Generating code for file /Users/Michi/Desktop/Miluph/miluphcuda/aneos.h...
Generating code for file /Users/Michi/Desktop/Miluph/miluphcuda/artificial_stress.cu...
Generating code for file /Users/Michi/Desktop/Miluph/miluphcuda/artificial_stress.h...
Generating code for file /Users/Michi/Desktop/Miluph/miluphcuda/boundary.cu...
Generating code for file /Users/Michi/Desktop/Miluph/miluphcuda/test_cases/viscously_spreading_ring/boundary.cu...
Generating code for file /Users/Michi/Desktop/Miluph/miluphcuda/boundary.h...
Generating code for file /Users/Michi/Desktop/Miluph/miluphcuda/checks.h...
Generating code for file /Users/Michi/Desktop/Miluph/miluphcuda/cuda_utils.h...
Generating code for file /Users/Michi/Desktop/Miluph/miluphcuda/damage.cu...
Generating code for file /Users/Michi/Desktop/Miluph/miluphcuda/damage.h...
Generating code for file /Users/Michi/Desktop/Miluph/miluphcuda/density.cu...
Generating code for file /Users/Michi/Desktop/Miluph/miluphcuda/density.h...
Generating code for file /Users/Michi/Desktop/Miluph/miluphcuda/device_tools.cu...
Generating code for file /Users/Michi/Desktop/Miluph/miluphcuda/device_tools.h...
Parsing code for file ExtraMarkdown.md...
Parsing code for file Mainpage.md...
Generating code for file /Users/Michi/Desktop/Miluph/miluphcuda/euler.cu...
Generating code for file /Users/Michi/Desktop/Miluph/miluphcuda/euler.h...
Generating code for file /Users/Michi/Desktop/Miluph/miluphcuda/gravity.cu...
Generating code for file /Users/Michi/Desktop/Miluph/miluphcuda/gravity.h...
Generating code for file /Users/Michi/Desktop/Miluph/miluphcuda/internal_forces.cu...
Generating code for file /Users/Michi/Desktop/Miluph/miluphcuda/internal_forces.h...
Generating code for file /Users/Michi/Desktop/Miluph/miluphcuda/io.cu...
Generating code for file /Users/Michi/Desktop/Miluph/miluphcuda/io.h...
Generating code for file /Users/Michi/Desktop/Miluph/miluphcuda/kernel.cu...
Generating code for file /Users/Michi/Desktop/Miluph/miluphcuda/kernel.h...
Generating code for file /Users/Michi/Desktop/Miluph/miluphcuda/linalg.cu...
Generating code for file /Users/Michi/Desktop/Miluph/miluphcuda/linalg.h...
Generating code for file /Users/Michi/Desktop/Miluph/miluphcuda/little_helpers.cu...
Generating code for file /Users/Michi/Desktop/Miluph/miluphcuda/little_helpers.h...
Generating code for file /Users/Michi/Desktop/Miluph/miluphcuda/memory_handling.cu...
Generating code for file /Users/Michi/Desktop/Miluph/miluphcuda/memory_handling.h...
Generating code for file /Users/Michi/Desktop/Miluph/miluphcuda/miluph.cu...
Generating code for file /Users/Michi/Desktop/Miluph/miluphcuda/miluph.h...
Generating code for file /Users/Michi/Desktop/Miluph/miluphcuda/parameter.h...
Generating code for file /Users/Michi/Desktop/Miluph/miluphcuda/test_cases/colliding_rings/parameter.h...
Generating code for file /Users/Michi/Desktop/Miluph/miluphcuda/test_cases/giant_collision_solid/parameter.h...
Generating code for file /Users/Michi/Desktop/Miluph/miluphcuda/test_cases/nakamura/parameter.h...
Generating code for file /Users/Michi/Desktop/Miluph/miluphcuda/test_cases/shocktube/parameter.h...
Generating code for file /Users/Michi/Desktop/Miluph/miluphcuda/test_cases/viscously_spreading_ring/parameter.h...
Generating code for file /Users/Michi/Desktop/Miluph/miluphcuda/plasticity.cu...
Generating code for file /Users/Michi/Desktop/Miluph/miluphcuda/plasticity.h...
Generating code for file /Users/Michi/Desktop/Miluph/miluphcuda/porosity.cu...
Generating code for file /Users/Michi/Desktop/Miluph/miluphcuda/porosity.h...
Generating code for file /Users/Michi/Desktop/Miluph/miluphcuda/predictor_corrector.cu...
Generating code for file /Users/Michi/Desktop/Miluph/miluphcuda/predictor_corrector.h...
Generating code for file /Users/Michi/Desktop/Miluph/miluphcuda/predictor_corrector_euler.cu...
Generating code for file /Users/Michi/Desktop/Miluph/miluphcuda/predictor_corrector_euler.h...
Generating code for file /Users/Michi/Desktop/Miluph/miluphcuda/pressure.cu...
Generating code for file /Users/Michi/Desktop/Miluph/miluphcuda/pressure.h...
Parsing code for file /Users/Michi/Desktop/Miluph/miluphcuda/README.md...
Generating code for file /Users/Michi/Desktop/Miluph/miluphcuda/rhs.cu...
Generating code for file /Users/Michi/Desktop/Miluph/miluphcuda/rhs.h...
Generating code for file /Users/Michi/Desktop/Miluph/miluphcuda/rk2adaptive.cu...
Generating code for file /Users/Michi/Desktop/Miluph/miluphcuda/rk2adaptive.h...
Generating code for file /Users/Michi/Desktop/Miluph/miluphcuda/soundspeed.cu...
Generating code for file /Users/Michi/Desktop/Miluph/miluphcuda/soundspeed.h...
Generating code for file /Users/Michi/Desktop/Miluph/miluphcuda/stress.cu...
Generating code for file /Users/Michi/Desktop/Miluph/miluphcuda/stress.h...
Generating code for file /Users/Michi/Desktop/Miluph/miluphcuda/timeintegration.cu...
Generating code for file /Users/Michi/Desktop/Miluph/miluphcuda/timeintegration.h...
Generating code for file /Users/Michi/Desktop/Miluph/miluphcuda/tree.cu...
Generating code for file /Users/Michi/Desktop/Miluph/miluphcuda/tree.h...
Generating code for file /Users/Michi/Desktop/Miluph/miluphcuda/velocity.cu...
Generating code for file /Users/Michi/Desktop/Miluph/miluphcuda/velocity.h...
Generating code for file /Users/Michi/Desktop/Miluph/miluphcuda/viscosity.cu...
Generating code for file /Users/Michi/Desktop/Miluph/miluphcuda/viscosity.h...
Generating code for file /Users/Michi/Desktop/Miluph/miluphcuda/xsph.cu...
Generating code for file /Users/Michi/Desktop/Miluph/miluphcuda/xsph.h...
Generating file documentation...
Generating docs for file /Users/Michi/Desktop/Miluph/miluphcuda/aneos.cu...
Generating docs for file /Users/Michi/Desktop/Miluph/miluphcuda/aneos.h...
Generating docs for file /Users/Michi/Desktop/Miluph/miluphcuda/artificial_stress.cu...
Generating docs for file /Users/Michi/Desktop/Miluph/miluphcuda/artificial_stress.h...
Generating docs for file /Users/Michi/Desktop/Miluph/miluphcuda/boundary.cu...
Generating docs for file /Users/Michi/Desktop/Miluph/miluphcuda/test_cases/viscously_spreading_ring/boundary.cu...
Generating docs for file /Users/Michi/Desktop/Miluph/miluphcuda/boundary.h...
Generating docs for file /Users/Michi/Desktop/Miluph/miluphcuda/checks.h...
Generating docs for file /Users/Michi/Desktop/Miluph/miluphcuda/cuda_utils.h...
Generating docs for file /Users/Michi/Desktop/Miluph/miluphcuda/damage.cu...
Generating docs for file /Users/Michi/Desktop/Miluph/miluphcuda/damage.h...
Generating docs for file /Users/Michi/Desktop/Miluph/miluphcuda/density.cu...
Generating docs for file /Users/Michi/Desktop/Miluph/miluphcuda/density.h...
Generating docs for file /Users/Michi/Desktop/Miluph/miluphcuda/device_tools.cu...
Generating docs for file /Users/Michi/Desktop/Miluph/miluphcuda/device_tools.h...
Generating docs for file ExtraMarkdown.md...
Generating docs for file Mainpage.md...
Generating docs for file /Users/Michi/Desktop/Miluph/miluphcuda/euler.cu...
Generating docs for file /Users/Michi/Desktop/Miluph/miluphcuda/euler.h...
Generating docs for file /Users/Michi/Desktop/Miluph/miluphcuda/gravity.cu...
Generating docs for file /Users/Michi/Desktop/Miluph/miluphcuda/gravity.h...
Generating docs for file /Users/Michi/Desktop/Miluph/miluphcuda/internal_forces.cu...
Generating docs for file /Users/Michi/Desktop/Miluph/miluphcuda/internal_forces.h...
Generating docs for file /Users/Michi/Desktop/Miluph/miluphcuda/io.cu...
Generating docs for file /Users/Michi/Desktop/Miluph/miluphcuda/io.h...
Generating docs for file /Users/Michi/Desktop/Miluph/miluphcuda/kernel.cu...
Generating docs for file /Users/Michi/Desktop/Miluph/miluphcuda/kernel.h...
Generating docs for file /Users/Michi/Desktop/Miluph/miluphcuda/linalg.cu...
Generating docs for file /Users/Michi/Desktop/Miluph/miluphcuda/linalg.h...
Generating docs for file /Users/Michi/Desktop/Miluph/miluphcuda/little_helpers.cu...
Generating docs for file /Users/Michi/Desktop/Miluph/miluphcuda/little_helpers.h...
Generating docs for file /Users/Michi/Desktop/Miluph/miluphcuda/memory_handling.cu...
Generating docs for file /Users/Michi/Desktop/Miluph/miluphcuda/memory_handling.h...
Generating docs for file /Users/Michi/Desktop/Miluph/miluphcuda/miluph.cu...
Generating docs for file /Users/Michi/Desktop/Miluph/miluphcuda/miluph.h...
Generating docs for file /Users/Michi/Desktop/Miluph/miluphcuda/parameter.h...
Generating docs for file /Users/Michi/Desktop/Miluph/miluphcuda/test_cases/colliding_rings/parameter.h...
Generating docs for file /Users/Michi/Desktop/Miluph/miluphcuda/test_cases/giant_collision_solid/parameter.h...
Generating docs for file /Users/Michi/Desktop/Miluph/miluphcuda/test_cases/nakamura/parameter.h...
Generating docs for file /Users/Michi/Desktop/Miluph/miluphcuda/test_cases/shocktube/parameter.h...
Generating docs for file /Users/Michi/Desktop/Miluph/miluphcuda/test_cases/viscously_spreading_ring/parameter.h...
Generating docs for file /Users/Michi/Desktop/Miluph/miluphcuda/plasticity.cu...
Generating docs for file /Users/Michi/Desktop/Miluph/miluphcuda/plasticity.h...
Generating docs for file /Users/Michi/Desktop/Miluph/miluphcuda/porosity.cu...
Generating docs for file /Users/Michi/Desktop/Miluph/miluphcuda/porosity.h...
Generating docs for file /Users/Michi/Desktop/Miluph/miluphcuda/predictor_corrector.cu...
Generating docs for file /Users/Michi/Desktop/Miluph/miluphcuda/predictor_corrector.h...
Generating docs for file /Users/Michi/Desktop/Miluph/miluphcuda/predictor_corrector_euler.cu...
Generating docs for file /Users/Michi/Desktop/Miluph/miluphcuda/predictor_corrector_euler.h...
Generating docs for file /Users/Michi/Desktop/Miluph/miluphcuda/pressure.cu...
Generating docs for file /Users/Michi/Desktop/Miluph/miluphcuda/pressure.h...
Generating docs for file /Users/Michi/Desktop/Miluph/miluphcuda/README.md...
Generating docs for file /Users/Michi/Desktop/Miluph/miluphcuda/rhs.cu...
Generating docs for file /Users/Michi/Desktop/Miluph/miluphcuda/rhs.h...
Generating docs for file /Users/Michi/Desktop/Miluph/miluphcuda/rk2adaptive.cu...
Generating docs for file /Users/Michi/Desktop/Miluph/miluphcuda/rk2adaptive.h...
Generating docs for file /Users/Michi/Desktop/Miluph/miluphcuda/soundspeed.cu...
Generating docs for file /Users/Michi/Desktop/Miluph/miluphcuda/soundspeed.h...
Generating docs for file /Users/Michi/Desktop/Miluph/miluphcuda/stress.cu...
Generating docs for file /Users/Michi/Desktop/Miluph/miluphcuda/stress.h...
Generating docs for file /Users/Michi/Desktop/Miluph/miluphcuda/timeintegration.cu...
Generating docs for file /Users/Michi/Desktop/Miluph/miluphcuda/timeintegration.h...
Generating docs for file /Users/Michi/Desktop/Miluph/miluphcuda/tree.cu...
Generating docs for file /Users/Michi/Desktop/Miluph/miluphcuda/tree.h...
Generating docs for file /Users/Michi/Desktop/Miluph/miluphcuda/velocity.cu...
Generating docs for file /Users/Michi/Desktop/Miluph/miluphcuda/velocity.h...
Generating docs for file /Users/Michi/Desktop/Miluph/miluphcuda/viscosity.cu...
Generating docs for file /Users/Michi/Desktop/Miluph/miluphcuda/viscosity.h...
Generating docs for file /Users/Michi/Desktop/Miluph/miluphcuda/xsph.cu...
Generating docs for file /Users/Michi/Desktop/Miluph/miluphcuda/xsph.h...
Generating page documentation...
Generating docs for page md_ExtraMarkdown...
Generating docs for page md__Users_Michi_Desktop_Miluph_miluphcuda_README...
Generating group documentation...
Generating class documentation...
Generating docs for compound File...
Generating docs for compound Particle...
Generating docs for compound Pointmass...
Generating docs for compound RunParameter...
Generating namespace index...
Generating graph info page...
Generating directory documentation...
Generating index page...
Generating page index...
Generating module index...
Generating namespace index...
Generating namespace member index...
Generating annotated compound index...
Generating alphabetical compound index...
Generating hierarchical class index...
Generating graphical class hierarchy...
Generating member index...
Generating file index...
Generating file member index...
Generating example index...
finalizing index lists...
writing tag file...
Running plantuml with JAVA...
Running dot...
Generating dot graphs using 5 parallel threads...
Running dot for graph 1/53
Running dot for graph 2/53
Running dot for graph 3/53
Running dot for graph 4/53
Running dot for graph 5/53
Running dot for graph 6/53
Running dot for graph 7/53
Running dot for graph 8/53
Running dot for graph 9/53
Running dot for graph 10/53
Running dot for graph 11/53
Running dot for graph 12/53
Running dot for graph 13/53
Running dot for graph 14/53
Running dot for graph 15/53
Running dot for graph 16/53
Running dot for graph 17/53
Running dot for graph 18/53
Running dot for graph 19/53
Running dot for graph 20/53
Running dot for graph 21/53
Running dot for graph 22/53
Running dot for graph 23/53
Running dot for graph 24/53
Running dot for graph 25/53
Running dot for graph 26/53
Running dot for graph 27/53
Running dot for graph 28/53
Running dot for graph 29/53
Running dot for graph 30/53
Running dot for graph 31/53
Running dot for graph 32/53
Running dot for graph 33/53
Running dot for graph 34/53
Running dot for graph 35/53
Running dot for graph 36/53
Running dot for graph 37/53
Running dot for graph 38/53
Running dot for graph 39/53
Running dot for graph 40/53
Running dot for graph 41/53
Running dot for graph 42/53
Running dot for graph 43/53
Running dot for graph 44/53
Running dot for graph 45/53
Running dot for graph 46/53
Running dot for graph 47/53
Running dot for graph 48/53
Running dot for graph 49/53
Running dot for graph 50/53
Running dot for graph 51/53
Running dot for graph 52/53
Running dot for graph 53/53
Patching output file 1/42
Patching output file 2/42
Patching output file 3/42
Patching output file 4/42
Patching output file 5/42
Patching output file 6/42
Patching output file 7/42
Patching output file 8/42
Patching output file 9/42
Patching output file 10/42
Patching output file 11/42
Patching output file 12/42
Patching output file 13/42
Patching output file 14/42
Patching output file 15/42
Patching output file 16/42
Patching output file 17/42
Patching output file 18/42
Patching output file 19/42
Patching output file 20/42
Patching output file 21/42
Patching output file 22/42
Patching output file 23/42
Patching output file 24/42
Patching output file 25/42
Patching output file 26/42
Patching output file 27/42
Patching output file 28/42
Patching output file 29/42
Patching output file 30/42
Patching output file 31/42
Patching output file 32/42
Patching output file 33/42
Patching output file 34/42
Patching output file 35/42
Patching output file 36/42
Patching output file 37/42
Patching output file 38/42
Patching output file 39/42
Patching output file 40/42
Patching output file 41/42
Patching output file 42/42
lookup cache used 515/65536 hits=1228 misses=515
finished...
